server is listening on 3000
[0mGET / [32m200 [0m476.922 ms - 170[0m
[0mGET /stylesheets/style.css [32m200 [0m10.208 ms - 111[0m
{ NotFoundError: Not Found
    at /home/railsrunner/jambinServer/app.js:28:8
    at Layer.handle [as handle_request] (/home/railsrunner/jambinServer/node_modules/express/lib/router/layer.js:95:5)
    at trim_prefix (/home/railsrunner/jambinServer/node_modules/express/lib/router/index.js:317:13)
    at /home/railsrunner/jambinServer/node_modules/express/lib/router/index.js:284:7
    at Function.process_params (/home/railsrunner/jambinServer/node_modules/express/lib/router/index.js:335:12)
    at next (/home/railsrunner/jambinServer/node_modules/express/lib/router/index.js:275:10)
    at /home/railsrunner/jambinServer/node_modules/express/lib/router/index.js:635:15
    at next (/home/railsrunner/jambinServer/node_modules/express/lib/router/index.js:260:14)
    at Function.handle (/home/railsrunner/jambinServer/node_modules/express/lib/router/index.js:174:3)
    at router (/home/railsrunner/jambinServer/node_modules/express/lib/router/index.js:47:12) message: 'Not Found' }
[0mGET /favicon.ico [33m404 [0m25.976 ms - 1122[0m
all
router [{"id":1,"name":"Джейк","birthday":"2001-07-24T22:00:00.000Z","photoPath":"photo_1564046331092_fc27c00f-d5cf-4469-94fa-bbb0490c20e9.jpg","status":null,"about":"","sex":"m","preference":"f"},{"id":2,"name":"Вовоаоао","birthday":"1985-07-24T22:00:00.000Z","photoPath":"photo_1564048459684_8D18D07B-D236-4089-A9D3-1BAD5F37A926.jpg","status":null,"about":"","sex":"m","preference":"f"},{"id":3,"name":"Ромасяо","birthday":"1978-12-24T23:00:00.000Z","photoPath":"photo_1564048575477_D73F0D10-5F29-496B-A4F8-8FBE2CD32805.jpg","status":null,"about":"Полипропилен ","sex":"m","preference":"f"},{"id":4,"name":"Максим","birthday":"1993-04-24T22:00:00.000Z","photoPath":"photo_1564055926384_5362B679-3E81-4B7C-9D19-5CB7C449F791.png","status":null,"about":"","sex":"m","preference":"f"},{"id":5,"name":"Макс","birthday":"2001-07-24T22:00:00.000Z","photoPath":"photo_1564061860709_c12d6a46-0158-48da-b63a-2ac27187061a.jpg","status":null,"about":"Гена пидр","sex":"m","preference":"f"},{"id":6,"name":"Макс","birthday":"2001-07-24T22:00:00.000Z","photoPath":"photo_1564061873445_c12d6a46-0158-48da-b63a-2ac27187061a.jpg","status":null,"about":"Гена пидр","sex":"m","preference":"f"},{"id":7,"name":"Макс","birthday":"2001-07-24T22:00:00.000Z","photoPath":"photo_1564061868003_c12d6a46-0158-48da-b63a-2ac27187061a.jpg","status":null,"about":"Гена пидр","sex":"m","preference":"f"},{"id":8,"name":"Макс","birthday":"2001-07-24T22:00:00.000Z","photoPath":"photo_1564061871260_c12d6a46-0158-48da-b63a-2ac27187061a.jpg","status":null,"about":"Гена пидр","sex":"m","preference":"f"},{"id":9,"name":"Макс","birthday":"2001-07-24T22:00:00.000Z","photoPath":"photo_1564061875934_c12d6a46-0158-48da-b63a-2ac27187061a.jpg","status":null,"about":"Гена пидр","sex":"m","preference":"f"},{"id":10,"name":"Макс","birthday":"2001-07-28T22:00:00.000Z","photoPath":"photo_1564386430853_6f4e811c-df87-44be-b144-9ad2229297d7.jpg","status":null,"about":"","sex":"m","preference":"f"}]
[0mGET /users/all [36m304 [0m25.786 ms - -[0m
all
router [{"id":1,"name":"Джейк","birthday":"2001-07-24T22:00:00.000Z","photoPath":"photo_1564046331092_fc27c00f-d5cf-4469-94fa-bbb0490c20e9.jpg","status":null,"about":"","sex":"m","preference":"f"},{"id":2,"name":"Вовоаоао","birthday":"1985-07-24T22:00:00.000Z","photoPath":"photo_1564048459684_8D18D07B-D236-4089-A9D3-1BAD5F37A926.jpg","status":null,"about":"","sex":"m","preference":"f"},{"id":3,"name":"Ромасяо","birthday":"1978-12-24T23:00:00.000Z","photoPath":"photo_1564048575477_D73F0D10-5F29-496B-A4F8-8FBE2CD32805.jpg","status":null,"about":"Полипропилен ","sex":"m","preference":"f"},{"id":4,"name":"Максим","birthday":"1993-04-24T22:00:00.000Z","photoPath":"photo_1564055926384_5362B679-3E81-4B7C-9D19-5CB7C449F791.png","status":null,"about":"","sex":"m","preference":"f"},{"id":5,"name":"Макс","birthday":"2001-07-24T22:00:00.000Z","photoPath":"photo_1564061860709_c12d6a46-0158-48da-b63a-2ac27187061a.jpg","status":null,"about":"Гена пидр","sex":"m","preference":"f"},{"id":6,"name":"Макс","birthday":"2001-07-24T22:00:00.000Z","photoPath":"photo_1564061873445_c12d6a46-0158-48da-b63a-2ac27187061a.jpg","status":null,"about":"Гена пидр","sex":"m","preference":"f"},{"id":7,"name":"Макс","birthday":"2001-07-24T22:00:00.000Z","photoPath":"photo_1564061868003_c12d6a46-0158-48da-b63a-2ac27187061a.jpg","status":null,"about":"Гена пидр","sex":"m","preference":"f"},{"id":8,"name":"Макс","birthday":"2001-07-24T22:00:00.000Z","photoPath":"photo_1564061871260_c12d6a46-0158-48da-b63a-2ac27187061a.jpg","status":null,"about":"Гена пидр","sex":"m","preference":"f"},{"id":9,"name":"Макс","birthday":"2001-07-24T22:00:00.000Z","photoPath":"photo_1564061875934_c12d6a46-0158-48da-b63a-2ac27187061a.jpg","status":null,"about":"Гена пидр","sex":"m","preference":"f"},{"id":10,"name":"Макс","birthday":"2001-07-28T22:00:00.000Z","photoPath":"photo_1564386430853_6f4e811c-df87-44be-b144-9ad2229297d7.jpg","status":null,"about":"","sex":"m","preference":"f"}]
[0mGET /users/all [36m304 [0m7.665 ms - -[0m
all
router [{"id":1,"name":"Джейк","birthday":"2001-07-24T22:00:00.000Z","photoPath":"photo_1564046331092_fc27c00f-d5cf-4469-94fa-bbb0490c20e9.jpg","status":null,"about":"","sex":"m","preference":"f"},{"id":2,"name":"Вовоаоао","birthday":"1985-07-24T22:00:00.000Z","photoPath":"photo_1564048459684_8D18D07B-D236-4089-A9D3-1BAD5F37A926.jpg","status":null,"about":"","sex":"m","preference":"f"},{"id":3,"name":"Ромасяо","birthday":"1978-12-24T23:00:00.000Z","photoPath":"photo_1564048575477_D73F0D10-5F29-496B-A4F8-8FBE2CD32805.jpg","status":null,"about":"Полипропилен ","sex":"m","preference":"f"},{"id":4,"name":"Максим","birthday":"1993-04-24T22:00:00.000Z","photoPath":"photo_1564055926384_5362B679-3E81-4B7C-9D19-5CB7C449F791.png","status":null,"about":"","sex":"m","preference":"f"},{"id":5,"name":"Макс","birthday":"2001-07-24T22:00:00.000Z","photoPath":"photo_1564061860709_c12d6a46-0158-48da-b63a-2ac27187061a.jpg","status":null,"about":"Гена пидр","sex":"m","preference":"f"},{"id":6,"name":"Макс","birthday":"2001-07-24T22:00:00.000Z","photoPath":"photo_1564061873445_c12d6a46-0158-48da-b63a-2ac27187061a.jpg","status":null,"about":"Гена пидр","sex":"m","preference":"f"},{"id":7,"name":"Макс","birthday":"2001-07-24T22:00:00.000Z","photoPath":"photo_1564061868003_c12d6a46-0158-48da-b63a-2ac27187061a.jpg","status":null,"about":"Гена пидр","sex":"m","preference":"f"},{"id":8,"name":"Макс","birthday":"2001-07-24T22:00:00.000Z","photoPath":"photo_1564061871260_c12d6a46-0158-48da-b63a-2ac27187061a.jpg","status":null,"about":"Гена пидр","sex":"m","preference":"f"},{"id":9,"name":"Макс","birthday":"2001-07-24T22:00:00.000Z","photoPath":"photo_1564061875934_c12d6a46-0158-48da-b63a-2ac27187061a.jpg","status":null,"about":"Гена пидр","sex":"m","preference":"f"},{"id":10,"name":"Макс","birthday":"2001-07-28T22:00:00.000Z","photoPath":"photo_1564386430853_6f4e811c-df87-44be-b144-9ad2229297d7.jpg","status":null,"about":"","sex":"m","preference":"f"}]
[0mGET /users/all [36m304 [0m4.542 ms - -[0m
error: restarting script because add changed
error: Forever detected script was killed by signal: SIGKILL
error: Script restart attempt #1
server is listening on 3000
error: restarting script because add changed
error: Forever detected script was killed by signal: SIGKILL
error: Script restart attempt #2
server is listening on 3000
error: restarting script because add changed
error: Forever detected script was killed by signal: SIGKILL
error: Script restart attempt #3
server is listening on 3000
error: restarting script because add changed
error: restarting script because change changed
error: Forever detected script was killed by signal: SIGKILL
error: Script restart attempt #4
server is listening on 3000
error: restarting script because add changed
error: Forever detected script was killed by signal: SIGKILL
error: Script restart attempt #5
server is listening on 3000
error: restarting script because add changed
error: Forever detected script was killed by signal: SIGKILL
error: Script restart attempt #6
server is listening on 3000
error: restarting script because add changed
error: Forever detected script was killed by signal: SIGKILL
error: Script restart attempt #7
server is listening on 3000
error: Forever detected script was killed by signal: SIGKILL
error: Script restart attempt #8
server is listening on 3000
error: restarting script because add changed
error: Forever detected script was killed by signal: SIGKILL
error: Script restart attempt #9
server is listening on 3000
[0mGET / [36m304 [0m500.738 ms - -[0m
[0mGET /stylesheets/style.css [36m304 [0m2.613 ms - -[0m
error: restarting script because add changed
error: Forever detected script was killed by signal: SIGKILL
error: Script restart attempt #10
server is listening on 3000
error: Forever detected script was killed by signal: SIGKILL
error: Script restart attempt #11
server is listening on 3000
error: restarting script because add changed
error: restarting script because change changed
error: Forever detected script was killed by signal: SIGKILL
error: Script restart attempt #12
server is listening on 3000
error: restarting script because add changed
error: Forever detected script was killed by signal: SIGKILL
error: Script restart attempt #13
server is listening on 3000
error: Forever detected script was killed by signal: SIGKILL
error: Script restart attempt #14
server is listening on 3000
error: Forever detected script was killed by signal: SIGKILL
error: Script restart attempt #15
server is listening on 3000
error: restarting script because add changed
error: Forever detected script was killed by signal: SIGKILL
error: Script restart attempt #16
server is listening on 3000
error: restarting script because add changed
error: Forever detected script was killed by signal: SIGKILL
error: Script restart attempt #17
server is listening on 3000
error: restarting script because change changed
error: Forever detected script was killed by signal: SIGKILL
error: Script restart attempt #18
server is listening on 3000
error: Forever detected script was killed by signal: SIGKILL
server is listening on 3000
null OkPacket {
  fieldCount: 0,
  affectedRows: 1,
  insertId: 11,
  serverStatus: 2,
  warningCount: 1,
  message: '',
  protocol41: true,
  changedRows: 0 }
[0mPOST /users/create [32m200 [0m608.699 ms - 30[0m
all
router [{"id":1,"name":"Джейк","birthday":"2001-07-24T22:00:00.000Z","photoPath":"photo_1564046331092_fc27c00f-d5cf-4469-94fa-bbb0490c20e9.jpg","status":null,"about":"","sex":"m","preference":"f"},{"id":2,"name":"Вовоаоао","birthday":"1985-07-24T22:00:00.000Z","photoPath":"photo_1564048459684_8D18D07B-D236-4089-A9D3-1BAD5F37A926.jpg","status":null,"about":"","sex":"m","preference":"f"},{"id":3,"name":"Ромасяо","birthday":"1978-12-24T23:00:00.000Z","photoPath":"photo_1564048575477_D73F0D10-5F29-496B-A4F8-8FBE2CD32805.jpg","status":null,"about":"Полипропилен ","sex":"m","preference":"f"},{"id":4,"name":"Максим","birthday":"1993-04-24T22:00:00.000Z","photoPath":"photo_1564055926384_5362B679-3E81-4B7C-9D19-5CB7C449F791.png","status":null,"about":"","sex":"m","preference":"f"},{"id":5,"name":"Макс","birthday":"2001-07-24T22:00:00.000Z","photoPath":"photo_1564061860709_c12d6a46-0158-48da-b63a-2ac27187061a.jpg","status":null,"about":"Гена пидр","sex":"m","preference":"f"},{"id":6,"name":"Макс","birthday":"2001-07-24T22:00:00.000Z","photoPath":"photo_1564061873445_c12d6a46-0158-48da-b63a-2ac27187061a.jpg","status":null,"about":"Гена пидр","sex":"m","preference":"f"},{"id":7,"name":"Макс","birthday":"2001-07-24T22:00:00.000Z","photoPath":"photo_1564061868003_c12d6a46-0158-48da-b63a-2ac27187061a.jpg","status":null,"about":"Гена пидр","sex":"m","preference":"f"},{"id":8,"name":"Макс","birthday":"2001-07-24T22:00:00.000Z","photoPath":"photo_1564061871260_c12d6a46-0158-48da-b63a-2ac27187061a.jpg","status":null,"about":"Гена пидр","sex":"m","preference":"f"},{"id":9,"name":"Макс","birthday":"2001-07-24T22:00:00.000Z","photoPath":"photo_1564061875934_c12d6a46-0158-48da-b63a-2ac27187061a.jpg","status":null,"about":"Гена пидр","sex":"m","preference":"f"},{"id":10,"name":"Макс","birthday":"2001-07-28T22:00:00.000Z","photoPath":"photo_1564386430853_6f4e811c-df87-44be-b144-9ad2229297d7.jpg","status":null,"about":"","sex":"m","preference":"f"},{"id":11,"name":"Ген","birthday":"1997-07-28T22:00:00.000Z","photoPath":"photo_1564400708588_1073a778-a4cc-4e43-be06-dbf8cd4235c3.jpg","status":null,"about":"","sex":"m","preference":"f"}]
[0mGET /users/all [32m200 [0m26.832 ms - 2243[0m
[0mGET /images/photo_1564046331092_fc27c00f-d5cf-4469-94fa-bbb0490c20e9.jpg [36m304 [0m6.736 ms - -[0m
[0mGET /images/photo_1564055926384_5362B679-3E81-4B7C-9D19-5CB7C449F791.png [36m304 [0m1.515 ms - -[0m
[0mGET /images/photo_1564048575477_D73F0D10-5F29-496B-A4F8-8FBE2CD32805.jpg [32m200 [0m12.036 ms - 396797[0m
[0mGET /images/photo_1564061871260_c12d6a46-0158-48da-b63a-2ac27187061a.jpg [32m200 [0m1.112 ms - 5447936[0m
[0mGET /images/photo_1564048459684_8D18D07B-D236-4089-A9D3-1BAD5F37A926.jpg [32m200 [0m2.067 ms - 1479882[0m
[0mGET /images/photo_1564386430853_6f4e811c-df87-44be-b144-9ad2229297d7.jpg [32m200 [0m1.298 ms - 4947923[0m
[0mGET /images/photo_1564061873445_c12d6a46-0158-48da-b63a-2ac27187061a.jpg [32m200 [0m1.128 ms - 5447936[0m
[0mGET /images/photo_1564061875934_c12d6a46-0158-48da-b63a-2ac27187061a.jpg [32m200 [0m1.689 ms - 5447936[0m
[0mGET /images/photo_1564400708588_1073a778-a4cc-4e43-be06-dbf8cd4235c3.jpg [32m200 [0m1.165 ms - 852079[0m
[0mGET /images/photo_1564061868003_c12d6a46-0158-48da-b63a-2ac27187061a.jpg [32m200 [0m1.181 ms - 5447936[0m
[0mGET /images/photo_1564061860709_c12d6a46-0158-48da-b63a-2ac27187061a.jpg [32m200 [0m2.893 ms - 5447936[0m
null OkPacket {
  fieldCount: 0,
  affectedRows: 1,
  insertId: 12,
  serverStatus: 2,
  warningCount: 1,
  message: '',
  protocol41: true,
  changedRows: 0 }
[0mPOST /users/create [32m200 [0m773.451 ms - 30[0m
all
router [{"id":1,"name":"Джейк","birthday":"2001-07-24T22:00:00.000Z","photoPath":"photo_1564046331092_fc27c00f-d5cf-4469-94fa-bbb0490c20e9.jpg","status":null,"about":"","sex":"m","preference":"f"},{"id":2,"name":"Вовоаоао","birthday":"1985-07-24T22:00:00.000Z","photoPath":"photo_1564048459684_8D18D07B-D236-4089-A9D3-1BAD5F37A926.jpg","status":null,"about":"","sex":"m","preference":"f"},{"id":3,"name":"Ромасяо","birthday":"1978-12-24T23:00:00.000Z","photoPath":"photo_1564048575477_D73F0D10-5F29-496B-A4F8-8FBE2CD32805.jpg","status":null,"about":"Полипропилен ","sex":"m","preference":"f"},{"id":4,"name":"Максим","birthday":"1993-04-24T22:00:00.000Z","photoPath":"photo_1564055926384_5362B679-3E81-4B7C-9D19-5CB7C449F791.png","status":null,"about":"","sex":"m","preference":"f"},{"id":5,"name":"Макс","birthday":"2001-07-24T22:00:00.000Z","photoPath":"photo_1564061860709_c12d6a46-0158-48da-b63a-2ac27187061a.jpg","status":null,"about":"Гена пидр","sex":"m","preference":"f"},{"id":6,"name":"Макс","birthday":"2001-07-24T22:00:00.000Z","photoPath":"photo_1564061873445_c12d6a46-0158-48da-b63a-2ac27187061a.jpg","status":null,"about":"Гена пидр","sex":"m","preference":"f"},{"id":7,"name":"Макс","birthday":"2001-07-24T22:00:00.000Z","photoPath":"photo_1564061868003_c12d6a46-0158-48da-b63a-2ac27187061a.jpg","status":null,"about":"Гена пидр","sex":"m","preference":"f"},{"id":8,"name":"Макс","birthday":"2001-07-24T22:00:00.000Z","photoPath":"photo_1564061871260_c12d6a46-0158-48da-b63a-2ac27187061a.jpg","status":null,"about":"Гена пидр","sex":"m","preference":"f"},{"id":9,"name":"Макс","birthday":"2001-07-24T22:00:00.000Z","photoPath":"photo_1564061875934_c12d6a46-0158-48da-b63a-2ac27187061a.jpg","status":null,"about":"Гена пидр","sex":"m","preference":"f"},{"id":10,"name":"Макс","birthday":"2001-07-28T22:00:00.000Z","photoPath":"photo_1564386430853_6f4e811c-df87-44be-b144-9ad2229297d7.jpg","status":null,"about":"","sex":"m","preference":"f"},{"id":11,"name":"Ген","birthday":"1997-07-28T22:00:00.000Z","photoPath":"photo_1564400708588_1073a778-a4cc-4e43-be06-dbf8cd4235c3.jpg","status":null,"about":"","sex":"m","preference":"f"},{"id":12,"name":"Баг","birthday":"1996-07-28T22:00:00.000Z","photoPath":"photo_1564400742562_51f79ea8-07f6-49ed-984e-409fa6402411.jpg","status":null,"about":"Гена красавчик","sex":"m","preference":"f"}]
[0mGET /users/all [32m200 [0m5.181 ms - 2461[0m
